Created by PLY version 3.11 (http://www.dabeaz.com/ply)

Unused terminals:

    CONS
    IN
    POUND
    PRINT

Grammar

Rule 0     S' -> statement
Rule 1     statement -> expression SEMICOLON
Rule 2     statement -> boolean SEMICOLON
Rule 3     statement -> STRING SEMICOLON
Rule 4     expression -> LPAREN expression RPAREN
Rule 5     expression -> STRING PLUS STRING
Rule 6     expression -> expression PLUS factor
Rule 7     expression -> expression MINUS factor
Rule 8     expression -> expression TIMES factor
Rule 9     expression -> expression DIVIDE factor
Rule 10    expression -> expression DIV factor
Rule 11    expression -> expression MOD factor
Rule 12    expression -> expression POWER factor
Rule 13    expression -> MINUS expression
Rule 14    expression -> expression EOP expression
Rule 15    expression -> factor
Rule 16    factor -> NUMBER
Rule 17    boolean -> expression EQUAL expression
Rule 18    boolean -> expression NOTEQUAL expression
Rule 19    boolean -> boolean EQUAL boolean
Rule 20    boolean -> boolean NOTEQUAL boolean
Rule 21    boolean -> expression GREATER factor
Rule 22    boolean -> expression LESS factor
Rule 23    boolean -> expression GREATEROREQUAL factor
Rule 24    boolean -> expression LESSOREQUAL factor
Rule 25    boolean -> boolean AND boolean
Rule 26    boolean -> boolean OR boolean
Rule 27    boolean -> NOT boolean
Rule 28    boolean -> TRUE
Rule 29    boolean -> FALSE
Rule 30    list_element -> expression
Rule 31    list_element -> list_element expression
Rule 32    list_element -> list_element COMMA
Rule 33    expression -> LBRACE list_element RBRACE

Terminals, with rules where they appear

AND                  : 25
COMMA                : 32
CONS                 : 
DIV                  : 10
DIVIDE               : 9
EOP                  : 14
EQUAL                : 17 19
FALSE                : 29
GREATER              : 21
GREATEROREQUAL       : 23
IN                   : 
LBRACE               : 33
LESS                 : 22
LESSOREQUAL          : 24
LPAREN               : 4
MINUS                : 7 13
MOD                  : 11
NOT                  : 27
NOTEQUAL             : 18 20
NUMBER               : 16
OR                   : 26
PLUS                 : 5 6
POUND                : 
POWER                : 12
PRINT                : 
RBRACE               : 33
RPAREN               : 4
SEMICOLON            : 1 2 3
STRING               : 3 5 5
TIMES                : 8
TRUE                 : 28
error                : 

Nonterminals, with rules where they appear

boolean              : 2 19 19 20 20 25 25 26 26 27
expression           : 1 4 6 7 8 9 10 11 12 13 14 14 17 17 18 18 21 22 23 24 30 31
factor               : 6 7 8 9 10 11 12 15 21 22 23 24
list_element         : 31 32 33
statement            : 0

Parsing method: LALR

state 0

    (0) S' -> . statement
    (1) statement -> . expression SEMICOLON
    (2) statement -> . boolean SEMICOLON
    (3) statement -> . STRING SEMICOLON
    (4) expression -> . LPAREN expression RPAREN
    (5) expression -> . STRING PLUS STRING
    (6) expression -> . expression PLUS factor
    (7) expression -> . expression MINUS factor
    (8) expression -> . expression TIMES factor
    (9) expression -> . expression DIVIDE factor
    (10) expression -> . expression DIV factor
    (11) expression -> . expression MOD factor
    (12) expression -> . expression POWER factor
    (13) expression -> . MINUS expression
    (14) expression -> . expression EOP expression
    (15) expression -> . factor
    (33) expression -> . LBRACE list_element RBRACE
    (17) boolean -> . expression EQUAL expression
    (18) boolean -> . expression NOTEQUAL expression
    (19) boolean -> . boolean EQUAL boolean
    (20) boolean -> . boolean NOTEQUAL boolean
    (21) boolean -> . expression GREATER factor
    (22) boolean -> . expression LESS factor
    (23) boolean -> . expression GREATEROREQUAL factor
    (24) boolean -> . expression LESSOREQUAL factor
    (25) boolean -> . boolean AND boolean
    (26) boolean -> . boolean OR boolean
    (27) boolean -> . NOT boolean
    (28) boolean -> . TRUE
    (29) boolean -> . FALSE
    (16) factor -> . NUMBER

    STRING          shift and go to state 4
    LPAREN          shift and go to state 5
    MINUS           shift and go to state 7
    LBRACE          shift and go to state 8
    NOT             shift and go to state 9
    TRUE            shift and go to state 10
    FALSE           shift and go to state 11
    NUMBER          shift and go to state 12

    statement                      shift and go to state 1
    expression                     shift and go to state 2
    boolean                        shift and go to state 3
    factor                         shift and go to state 6

state 1

    (0) S' -> statement .



state 2

    (1) statement -> expression . SEMICOLON
    (6) expression -> expression . PLUS factor
    (7) expression -> expression . MINUS factor
    (8) expression -> expression . TIMES factor
    (9) expression -> expression . DIVIDE factor
    (10) expression -> expression . DIV factor
    (11) expression -> expression . MOD factor
    (12) expression -> expression . POWER factor
    (14) expression -> expression . EOP expression
    (17) boolean -> expression . EQUAL expression
    (18) boolean -> expression . NOTEQUAL expression
    (21) boolean -> expression . GREATER factor
    (22) boolean -> expression . LESS factor
    (23) boolean -> expression . GREATEROREQUAL factor
    (24) boolean -> expression . LESSOREQUAL factor

    SEMICOLON       shift and go to state 13
    PLUS            shift and go to state 14
    MINUS           shift and go to state 15
    TIMES           shift and go to state 16
    DIVIDE          shift and go to state 17
    DIV             shift and go to state 18
    MOD             shift and go to state 19
    POWER           shift and go to state 20
    EOP             shift and go to state 21
    EQUAL           shift and go to state 22
    NOTEQUAL        shift and go to state 23
    GREATER         shift and go to state 24
    LESS            shift and go to state 25
    GREATEROREQUAL  shift and go to state 26
    LESSOREQUAL     shift and go to state 27


state 3

    (2) statement -> boolean . SEMICOLON
    (19) boolean -> boolean . EQUAL boolean
    (20) boolean -> boolean . NOTEQUAL boolean
    (25) boolean -> boolean . AND boolean
    (26) boolean -> boolean . OR boolean

    SEMICOLON       shift and go to state 28
    EQUAL           shift and go to state 29
    NOTEQUAL        shift and go to state 30
    AND             shift and go to state 31
    OR              shift and go to state 32


state 4

    (3) statement -> STRING . SEMICOLON
    (5) expression -> STRING . PLUS STRING

    SEMICOLON       shift and go to state 33
    PLUS            shift and go to state 34


state 5

    (4) expression -> LPAREN . expression RPAREN
    (4) expression -> . LPAREN expression RPAREN
    (5) expression -> . STRING PLUS STRING
    (6) expression -> . expression PLUS factor
    (7) expression -> . expression MINUS factor
    (8) expression -> . expression TIMES factor
    (9) expression -> . expression DIVIDE factor
    (10) expression -> . expression DIV factor
    (11) expression -> . expression MOD factor
    (12) expression -> . expression POWER factor
    (13) expression -> . MINUS expression
    (14) expression -> . expression EOP expression
    (15) expression -> . factor
    (33) expression -> . LBRACE list_element RBRACE
    (16) factor -> . NUMBER

    LPAREN          shift and go to state 5
    STRING          shift and go to state 36
    MINUS           shift and go to state 7
    LBRACE          shift and go to state 8
    NUMBER          shift and go to state 12

    expression                     shift and go to state 35
    factor                         shift and go to state 6

state 6

    (15) expression -> factor .

    SEMICOLON       reduce using rule 15 (expression -> factor .)
    PLUS            reduce using rule 15 (expression -> factor .)
    MINUS           reduce using rule 15 (expression -> factor .)
    TIMES           reduce using rule 15 (expression -> factor .)
    DIVIDE          reduce using rule 15 (expression -> factor .)
    DIV             reduce using rule 15 (expression -> factor .)
    MOD             reduce using rule 15 (expression -> factor .)
    POWER           reduce using rule 15 (expression -> factor .)
    EOP             reduce using rule 15 (expression -> factor .)
    EQUAL           reduce using rule 15 (expression -> factor .)
    NOTEQUAL        reduce using rule 15 (expression -> factor .)
    GREATER         reduce using rule 15 (expression -> factor .)
    LESS            reduce using rule 15 (expression -> factor .)
    GREATEROREQUAL  reduce using rule 15 (expression -> factor .)
    LESSOREQUAL     reduce using rule 15 (expression -> factor .)
    RPAREN          reduce using rule 15 (expression -> factor .)
    RBRACE          reduce using rule 15 (expression -> factor .)
    COMMA           reduce using rule 15 (expression -> factor .)
    LPAREN          reduce using rule 15 (expression -> factor .)
    STRING          reduce using rule 15 (expression -> factor .)
    LBRACE          reduce using rule 15 (expression -> factor .)
    NUMBER          reduce using rule 15 (expression -> factor .)
    AND             reduce using rule 15 (expression -> factor .)
    OR              reduce using rule 15 (expression -> factor .)


state 7

    (13) expression -> MINUS . expression
    (4) expression -> . LPAREN expression RPAREN
    (5) expression -> . STRING PLUS STRING
    (6) expression -> . expression PLUS factor
    (7) expression -> . expression MINUS factor
    (8) expression -> . expression TIMES factor
    (9) expression -> . expression DIVIDE factor
    (10) expression -> . expression DIV factor
    (11) expression -> . expression MOD factor
    (12) expression -> . expression POWER factor
    (13) expression -> . MINUS expression
    (14) expression -> . expression EOP expression
    (15) expression -> . factor
    (33) expression -> . LBRACE list_element RBRACE
    (16) factor -> . NUMBER

    LPAREN          shift and go to state 5
    STRING          shift and go to state 36
    MINUS           shift and go to state 7
    LBRACE          shift and go to state 8
    NUMBER          shift and go to state 12

    expression                     shift and go to state 37
    factor                         shift and go to state 6

state 8

    (33) expression -> LBRACE . list_element RBRACE
    (30) list_element -> . expression
    (31) list_element -> . list_element expression
    (32) list_element -> . list_element COMMA
    (4) expression -> . LPAREN expression RPAREN
    (5) expression -> . STRING PLUS STRING
    (6) expression -> . expression PLUS factor
    (7) expression -> . expression MINUS factor
    (8) expression -> . expression TIMES factor
    (9) expression -> . expression DIVIDE factor
    (10) expression -> . expression DIV factor
    (11) expression -> . expression MOD factor
    (12) expression -> . expression POWER factor
    (13) expression -> . MINUS expression
    (14) expression -> . expression EOP expression
    (15) expression -> . factor
    (33) expression -> . LBRACE list_element RBRACE
    (16) factor -> . NUMBER

    LPAREN          shift and go to state 5
    STRING          shift and go to state 36
    MINUS           shift and go to state 7
    LBRACE          shift and go to state 8
    NUMBER          shift and go to state 12

    list_element                   shift and go to state 38
    expression                     shift and go to state 39
    factor                         shift and go to state 6

state 9

    (27) boolean -> NOT . boolean
    (17) boolean -> . expression EQUAL expression
    (18) boolean -> . expression NOTEQUAL expression
    (19) boolean -> . boolean EQUAL boolean
    (20) boolean -> . boolean NOTEQUAL boolean
    (21) boolean -> . expression GREATER factor
    (22) boolean -> . expression LESS factor
    (23) boolean -> . expression GREATEROREQUAL factor
    (24) boolean -> . expression LESSOREQUAL factor
    (25) boolean -> . boolean AND boolean
    (26) boolean -> . boolean OR boolean
    (27) boolean -> . NOT boolean
    (28) boolean -> . TRUE
    (29) boolean -> . FALSE
    (4) expression -> . LPAREN expression RPAREN
    (5) expression -> . STRING PLUS STRING
    (6) expression -> . expression PLUS factor
    (7) expression -> . expression MINUS factor
    (8) expression -> . expression TIMES factor
    (9) expression -> . expression DIVIDE factor
    (10) expression -> . expression DIV factor
    (11) expression -> . expression MOD factor
    (12) expression -> . expression POWER factor
    (13) expression -> . MINUS expression
    (14) expression -> . expression EOP expression
    (15) expression -> . factor
    (33) expression -> . LBRACE list_element RBRACE
    (16) factor -> . NUMBER

    NOT             shift and go to state 9
    TRUE            shift and go to state 10
    FALSE           shift and go to state 11
    LPAREN          shift and go to state 5
    STRING          shift and go to state 36
    MINUS           shift and go to state 7
    LBRACE          shift and go to state 8
    NUMBER          shift and go to state 12

    boolean                        shift and go to state 40
    expression                     shift and go to state 41
    factor                         shift and go to state 6

state 10

    (28) boolean -> TRUE .

    SEMICOLON       reduce using rule 28 (boolean -> TRUE .)
    EQUAL           reduce using rule 28 (boolean -> TRUE .)
    NOTEQUAL        reduce using rule 28 (boolean -> TRUE .)
    AND             reduce using rule 28 (boolean -> TRUE .)
    OR              reduce using rule 28 (boolean -> TRUE .)


state 11

    (29) boolean -> FALSE .

    SEMICOLON       reduce using rule 29 (boolean -> FALSE .)
    EQUAL           reduce using rule 29 (boolean -> FALSE .)
    NOTEQUAL        reduce using rule 29 (boolean -> FALSE .)
    AND             reduce using rule 29 (boolean -> FALSE .)
    OR              reduce using rule 29 (boolean -> FALSE .)


state 12

    (16) factor -> NUMBER .

    SEMICOLON       reduce using rule 16 (factor -> NUMBER .)
    PLUS            reduce using rule 16 (factor -> NUMBER .)
    MINUS           reduce using rule 16 (factor -> NUMBER .)
    TIMES           reduce using rule 16 (factor -> NUMBER .)
    DIVIDE          reduce using rule 16 (factor -> NUMBER .)
    DIV             reduce using rule 16 (factor -> NUMBER .)
    MOD             reduce using rule 16 (factor -> NUMBER .)
    POWER           reduce using rule 16 (factor -> NUMBER .)
    EOP             reduce using rule 16 (factor -> NUMBER .)
    EQUAL           reduce using rule 16 (factor -> NUMBER .)
    NOTEQUAL        reduce using rule 16 (factor -> NUMBER .)
    GREATER         reduce using rule 16 (factor -> NUMBER .)
    LESS            reduce using rule 16 (factor -> NUMBER .)
    GREATEROREQUAL  reduce using rule 16 (factor -> NUMBER .)
    LESSOREQUAL     reduce using rule 16 (factor -> NUMBER .)
    RPAREN          reduce using rule 16 (factor -> NUMBER .)
    RBRACE          reduce using rule 16 (factor -> NUMBER .)
    COMMA           reduce using rule 16 (factor -> NUMBER .)
    LPAREN          reduce using rule 16 (factor -> NUMBER .)
    STRING          reduce using rule 16 (factor -> NUMBER .)
    LBRACE          reduce using rule 16 (factor -> NUMBER .)
    NUMBER          reduce using rule 16 (factor -> NUMBER .)
    AND             reduce using rule 16 (factor -> NUMBER .)
    OR              reduce using rule 16 (factor -> NUMBER .)


state 13

    (1) statement -> expression SEMICOLON .

    $end            reduce using rule 1 (statement -> expression SEMICOLON .)


state 14

    (6) expression -> expression PLUS . factor
    (16) factor -> . NUMBER

    NUMBER          shift and go to state 12

    factor                         shift and go to state 42

state 15

    (7) expression -> expression MINUS . factor
    (16) factor -> . NUMBER

    NUMBER          shift and go to state 12

    factor                         shift and go to state 43

state 16

    (8) expression -> expression TIMES . factor
    (16) factor -> . NUMBER

    NUMBER          shift and go to state 12

    factor                         shift and go to state 44

state 17

    (9) expression -> expression DIVIDE . factor
    (16) factor -> . NUMBER

    NUMBER          shift and go to state 12

    factor                         shift and go to state 45

state 18

    (10) expression -> expression DIV . factor
    (16) factor -> . NUMBER

    NUMBER          shift and go to state 12

    factor                         shift and go to state 46

state 19

    (11) expression -> expression MOD . factor
    (16) factor -> . NUMBER

    NUMBER          shift and go to state 12

    factor                         shift and go to state 47

state 20

    (12) expression -> expression POWER . factor
    (16) factor -> . NUMBER

    NUMBER          shift and go to state 12

    factor                         shift and go to state 48

state 21

    (14) expression -> expression EOP . expression
    (4) expression -> . LPAREN expression RPAREN
    (5) expression -> . STRING PLUS STRING
    (6) expression -> . expression PLUS factor
    (7) expression -> . expression MINUS factor
    (8) expression -> . expression TIMES factor
    (9) expression -> . expression DIVIDE factor
    (10) expression -> . expression DIV factor
    (11) expression -> . expression MOD factor
    (12) expression -> . expression POWER factor
    (13) expression -> . MINUS expression
    (14) expression -> . expression EOP expression
    (15) expression -> . factor
    (33) expression -> . LBRACE list_element RBRACE
    (16) factor -> . NUMBER

    LPAREN          shift and go to state 5
    STRING          shift and go to state 36
    MINUS           shift and go to state 7
    LBRACE          shift and go to state 8
    NUMBER          shift and go to state 12

    expression                     shift and go to state 49
    factor                         shift and go to state 6

state 22

    (17) boolean -> expression EQUAL . expression
    (4) expression -> . LPAREN expression RPAREN
    (5) expression -> . STRING PLUS STRING
    (6) expression -> . expression PLUS factor
    (7) expression -> . expression MINUS factor
    (8) expression -> . expression TIMES factor
    (9) expression -> . expression DIVIDE factor
    (10) expression -> . expression DIV factor
    (11) expression -> . expression MOD factor
    (12) expression -> . expression POWER factor
    (13) expression -> . MINUS expression
    (14) expression -> . expression EOP expression
    (15) expression -> . factor
    (33) expression -> . LBRACE list_element RBRACE
    (16) factor -> . NUMBER

    LPAREN          shift and go to state 5
    STRING          shift and go to state 36
    MINUS           shift and go to state 7
    LBRACE          shift and go to state 8
    NUMBER          shift and go to state 12

    expression                     shift and go to state 50
    factor                         shift and go to state 6

state 23

    (18) boolean -> expression NOTEQUAL . expression
    (4) expression -> . LPAREN expression RPAREN
    (5) expression -> . STRING PLUS STRING
    (6) expression -> . expression PLUS factor
    (7) expression -> . expression MINUS factor
    (8) expression -> . expression TIMES factor
    (9) expression -> . expression DIVIDE factor
    (10) expression -> . expression DIV factor
    (11) expression -> . expression MOD factor
    (12) expression -> . expression POWER factor
    (13) expression -> . MINUS expression
    (14) expression -> . expression EOP expression
    (15) expression -> . factor
    (33) expression -> . LBRACE list_element RBRACE
    (16) factor -> . NUMBER

    LPAREN          shift and go to state 5
    STRING          shift and go to state 36
    MINUS           shift and go to state 7
    LBRACE          shift and go to state 8
    NUMBER          shift and go to state 12

    expression                     shift and go to state 51
    factor                         shift and go to state 6

state 24

    (21) boolean -> expression GREATER . factor
    (16) factor -> . NUMBER

    NUMBER          shift and go to state 12

    factor                         shift and go to state 52

state 25

    (22) boolean -> expression LESS . factor
    (16) factor -> . NUMBER

    NUMBER          shift and go to state 12

    factor                         shift and go to state 53

state 26

    (23) boolean -> expression GREATEROREQUAL . factor
    (16) factor -> . NUMBER

    NUMBER          shift and go to state 12

    factor                         shift and go to state 54

state 27

    (24) boolean -> expression LESSOREQUAL . factor
    (16) factor -> . NUMBER

    NUMBER          shift and go to state 12

    factor                         shift and go to state 55

state 28

    (2) statement -> boolean SEMICOLON .

    $end            reduce using rule 2 (statement -> boolean SEMICOLON .)


state 29

    (19) boolean -> boolean EQUAL . boolean
    (17) boolean -> . expression EQUAL expression
    (18) boolean -> . expression NOTEQUAL expression
    (19) boolean -> . boolean EQUAL boolean
    (20) boolean -> . boolean NOTEQUAL boolean
    (21) boolean -> . expression GREATER factor
    (22) boolean -> . expression LESS factor
    (23) boolean -> . expression GREATEROREQUAL factor
    (24) boolean -> . expression LESSOREQUAL factor
    (25) boolean -> . boolean AND boolean
    (26) boolean -> . boolean OR boolean
    (27) boolean -> . NOT boolean
    (28) boolean -> . TRUE
    (29) boolean -> . FALSE
    (4) expression -> . LPAREN expression RPAREN
    (5) expression -> . STRING PLUS STRING
    (6) expression -> . expression PLUS factor
    (7) expression -> . expression MINUS factor
    (8) expression -> . expression TIMES factor
    (9) expression -> . expression DIVIDE factor
    (10) expression -> . expression DIV factor
    (11) expression -> . expression MOD factor
    (12) expression -> . expression POWER factor
    (13) expression -> . MINUS expression
    (14) expression -> . expression EOP expression
    (15) expression -> . factor
    (33) expression -> . LBRACE list_element RBRACE
    (16) factor -> . NUMBER

    NOT             shift and go to state 9
    TRUE            shift and go to state 10
    FALSE           shift and go to state 11
    LPAREN          shift and go to state 5
    STRING          shift and go to state 36
    MINUS           shift and go to state 7
    LBRACE          shift and go to state 8
    NUMBER          shift and go to state 12

    boolean                        shift and go to state 56
    expression                     shift and go to state 41
    factor                         shift and go to state 6

state 30

    (20) boolean -> boolean NOTEQUAL . boolean
    (17) boolean -> . expression EQUAL expression
    (18) boolean -> . expression NOTEQUAL expression
    (19) boolean -> . boolean EQUAL boolean
    (20) boolean -> . boolean NOTEQUAL boolean
    (21) boolean -> . expression GREATER factor
    (22) boolean -> . expression LESS factor
    (23) boolean -> . expression GREATEROREQUAL factor
    (24) boolean -> . expression LESSOREQUAL factor
    (25) boolean -> . boolean AND boolean
    (26) boolean -> . boolean OR boolean
    (27) boolean -> . NOT boolean
    (28) boolean -> . TRUE
    (29) boolean -> . FALSE
    (4) expression -> . LPAREN expression RPAREN
    (5) expression -> . STRING PLUS STRING
    (6) expression -> . expression PLUS factor
    (7) expression -> . expression MINUS factor
    (8) expression -> . expression TIMES factor
    (9) expression -> . expression DIVIDE factor
    (10) expression -> . expression DIV factor
    (11) expression -> . expression MOD factor
    (12) expression -> . expression POWER factor
    (13) expression -> . MINUS expression
    (14) expression -> . expression EOP expression
    (15) expression -> . factor
    (33) expression -> . LBRACE list_element RBRACE
    (16) factor -> . NUMBER

    NOT             shift and go to state 9
    TRUE            shift and go to state 10
    FALSE           shift and go to state 11
    LPAREN          shift and go to state 5
    STRING          shift and go to state 36
    MINUS           shift and go to state 7
    LBRACE          shift and go to state 8
    NUMBER          shift and go to state 12

    boolean                        shift and go to state 57
    expression                     shift and go to state 41
    factor                         shift and go to state 6

state 31

    (25) boolean -> boolean AND . boolean
    (17) boolean -> . expression EQUAL expression
    (18) boolean -> . expression NOTEQUAL expression
    (19) boolean -> . boolean EQUAL boolean
    (20) boolean -> . boolean NOTEQUAL boolean
    (21) boolean -> . expression GREATER factor
    (22) boolean -> . expression LESS factor
    (23) boolean -> . expression GREATEROREQUAL factor
    (24) boolean -> . expression LESSOREQUAL factor
    (25) boolean -> . boolean AND boolean
    (26) boolean -> . boolean OR boolean
    (27) boolean -> . NOT boolean
    (28) boolean -> . TRUE
    (29) boolean -> . FALSE
    (4) expression -> . LPAREN expression RPAREN
    (5) expression -> . STRING PLUS STRING
    (6) expression -> . expression PLUS factor
    (7) expression -> . expression MINUS factor
    (8) expression -> . expression TIMES factor
    (9) expression -> . expression DIVIDE factor
    (10) expression -> . expression DIV factor
    (11) expression -> . expression MOD factor
    (12) expression -> . expression POWER factor
    (13) expression -> . MINUS expression
    (14) expression -> . expression EOP expression
    (15) expression -> . factor
    (33) expression -> . LBRACE list_element RBRACE
    (16) factor -> . NUMBER

    NOT             shift and go to state 9
    TRUE            shift and go to state 10
    FALSE           shift and go to state 11
    LPAREN          shift and go to state 5
    STRING          shift and go to state 36
    MINUS           shift and go to state 7
    LBRACE          shift and go to state 8
    NUMBER          shift and go to state 12

    boolean                        shift and go to state 58
    expression                     shift and go to state 41
    factor                         shift and go to state 6

state 32

    (26) boolean -> boolean OR . boolean
    (17) boolean -> . expression EQUAL expression
    (18) boolean -> . expression NOTEQUAL expression
    (19) boolean -> . boolean EQUAL boolean
    (20) boolean -> . boolean NOTEQUAL boolean
    (21) boolean -> . expression GREATER factor
    (22) boolean -> . expression LESS factor
    (23) boolean -> . expression GREATEROREQUAL factor
    (24) boolean -> . expression LESSOREQUAL factor
    (25) boolean -> . boolean AND boolean
    (26) boolean -> . boolean OR boolean
    (27) boolean -> . NOT boolean
    (28) boolean -> . TRUE
    (29) boolean -> . FALSE
    (4) expression -> . LPAREN expression RPAREN
    (5) expression -> . STRING PLUS STRING
    (6) expression -> . expression PLUS factor
    (7) expression -> . expression MINUS factor
    (8) expression -> . expression TIMES factor
    (9) expression -> . expression DIVIDE factor
    (10) expression -> . expression DIV factor
    (11) expression -> . expression MOD factor
    (12) expression -> . expression POWER factor
    (13) expression -> . MINUS expression
    (14) expression -> . expression EOP expression
    (15) expression -> . factor
    (33) expression -> . LBRACE list_element RBRACE
    (16) factor -> . NUMBER

    NOT             shift and go to state 9
    TRUE            shift and go to state 10
    FALSE           shift and go to state 11
    LPAREN          shift and go to state 5
    STRING          shift and go to state 36
    MINUS           shift and go to state 7
    LBRACE          shift and go to state 8
    NUMBER          shift and go to state 12

    boolean                        shift and go to state 59
    expression                     shift and go to state 41
    factor                         shift and go to state 6

state 33

    (3) statement -> STRING SEMICOLON .

    $end            reduce using rule 3 (statement -> STRING SEMICOLON .)


state 34

    (5) expression -> STRING PLUS . STRING

    STRING          shift and go to state 60


state 35

    (4) expression -> LPAREN expression . RPAREN
    (6) expression -> expression . PLUS factor
    (7) expression -> expression . MINUS factor
    (8) expression -> expression . TIMES factor
    (9) expression -> expression . DIVIDE factor
    (10) expression -> expression . DIV factor
    (11) expression -> expression . MOD factor
    (12) expression -> expression . POWER factor
    (14) expression -> expression . EOP expression

    RPAREN          shift and go to state 61
    PLUS            shift and go to state 14
    MINUS           shift and go to state 15
    TIMES           shift and go to state 16
    DIVIDE          shift and go to state 17
    DIV             shift and go to state 18
    MOD             shift and go to state 19
    POWER           shift and go to state 20
    EOP             shift and go to state 21


state 36

    (5) expression -> STRING . PLUS STRING

    PLUS            shift and go to state 34


state 37

    (13) expression -> MINUS expression .
    (6) expression -> expression . PLUS factor
    (7) expression -> expression . MINUS factor
    (8) expression -> expression . TIMES factor
    (9) expression -> expression . DIVIDE factor
    (10) expression -> expression . DIV factor
    (11) expression -> expression . MOD factor
    (12) expression -> expression . POWER factor
    (14) expression -> expression . EOP expression

    SEMICOLON       reduce using rule 13 (expression -> MINUS expression .)
    PLUS            reduce using rule 13 (expression -> MINUS expression .)
    MINUS           reduce using rule 13 (expression -> MINUS expression .)
    TIMES           reduce using rule 13 (expression -> MINUS expression .)
    DIVIDE          reduce using rule 13 (expression -> MINUS expression .)
    DIV             reduce using rule 13 (expression -> MINUS expression .)
    MOD             reduce using rule 13 (expression -> MINUS expression .)
    POWER           reduce using rule 13 (expression -> MINUS expression .)
    EOP             reduce using rule 13 (expression -> MINUS expression .)
    EQUAL           reduce using rule 13 (expression -> MINUS expression .)
    NOTEQUAL        reduce using rule 13 (expression -> MINUS expression .)
    GREATER         reduce using rule 13 (expression -> MINUS expression .)
    LESS            reduce using rule 13 (expression -> MINUS expression .)
    GREATEROREQUAL  reduce using rule 13 (expression -> MINUS expression .)
    LESSOREQUAL     reduce using rule 13 (expression -> MINUS expression .)
    RPAREN          reduce using rule 13 (expression -> MINUS expression .)
    RBRACE          reduce using rule 13 (expression -> MINUS expression .)
    COMMA           reduce using rule 13 (expression -> MINUS expression .)
    LPAREN          reduce using rule 13 (expression -> MINUS expression .)
    STRING          reduce using rule 13 (expression -> MINUS expression .)
    LBRACE          reduce using rule 13 (expression -> MINUS expression .)
    NUMBER          reduce using rule 13 (expression -> MINUS expression .)
    AND             reduce using rule 13 (expression -> MINUS expression .)
    OR              reduce using rule 13 (expression -> MINUS expression .)

  ! PLUS            [ shift and go to state 14 ]
  ! MINUS           [ shift and go to state 15 ]
  ! TIMES           [ shift and go to state 16 ]
  ! DIVIDE          [ shift and go to state 17 ]
  ! DIV             [ shift and go to state 18 ]
  ! MOD             [ shift and go to state 19 ]
  ! POWER           [ shift and go to state 20 ]
  ! EOP             [ shift and go to state 21 ]


state 38

    (33) expression -> LBRACE list_element . RBRACE
    (31) list_element -> list_element . expression
    (32) list_element -> list_element . COMMA
    (4) expression -> . LPAREN expression RPAREN
    (5) expression -> . STRING PLUS STRING
    (6) expression -> . expression PLUS factor
    (7) expression -> . expression MINUS factor
    (8) expression -> . expression TIMES factor
    (9) expression -> . expression DIVIDE factor
    (10) expression -> . expression DIV factor
    (11) expression -> . expression MOD factor
    (12) expression -> . expression POWER factor
    (13) expression -> . MINUS expression
    (14) expression -> . expression EOP expression
    (15) expression -> . factor
    (33) expression -> . LBRACE list_element RBRACE
    (16) factor -> . NUMBER

    RBRACE          shift and go to state 62
    COMMA           shift and go to state 64
    LPAREN          shift and go to state 5
    STRING          shift and go to state 36
    MINUS           shift and go to state 7
    LBRACE          shift and go to state 8
    NUMBER          shift and go to state 12

    expression                     shift and go to state 63
    factor                         shift and go to state 6

state 39

    (30) list_element -> expression .
    (6) expression -> expression . PLUS factor
    (7) expression -> expression . MINUS factor
    (8) expression -> expression . TIMES factor
    (9) expression -> expression . DIVIDE factor
    (10) expression -> expression . DIV factor
    (11) expression -> expression . MOD factor
    (12) expression -> expression . POWER factor
    (14) expression -> expression . EOP expression

  ! shift/reduce conflict for MINUS resolved as shift
    RBRACE          reduce using rule 30 (list_element -> expression .)
    COMMA           reduce using rule 30 (list_element -> expression .)
    LPAREN          reduce using rule 30 (list_element -> expression .)
    STRING          reduce using rule 30 (list_element -> expression .)
    LBRACE          reduce using rule 30 (list_element -> expression .)
    NUMBER          reduce using rule 30 (list_element -> expression .)
    PLUS            shift and go to state 14
    MINUS           shift and go to state 15
    TIMES           shift and go to state 16
    DIVIDE          shift and go to state 17
    DIV             shift and go to state 18
    MOD             shift and go to state 19
    POWER           shift and go to state 20
    EOP             shift and go to state 21

  ! MINUS           [ reduce using rule 30 (list_element -> expression .) ]


state 40

    (27) boolean -> NOT boolean .
    (19) boolean -> boolean . EQUAL boolean
    (20) boolean -> boolean . NOTEQUAL boolean
    (25) boolean -> boolean . AND boolean
    (26) boolean -> boolean . OR boolean

    SEMICOLON       reduce using rule 27 (boolean -> NOT boolean .)
    EQUAL           reduce using rule 27 (boolean -> NOT boolean .)
    NOTEQUAL        reduce using rule 27 (boolean -> NOT boolean .)
    AND             reduce using rule 27 (boolean -> NOT boolean .)
    OR              reduce using rule 27 (boolean -> NOT boolean .)

  ! EQUAL           [ shift and go to state 29 ]
  ! NOTEQUAL        [ shift and go to state 30 ]
  ! AND             [ shift and go to state 31 ]
  ! OR              [ shift and go to state 32 ]


state 41

    (17) boolean -> expression . EQUAL expression
    (18) boolean -> expression . NOTEQUAL expression
    (21) boolean -> expression . GREATER factor
    (22) boolean -> expression . LESS factor
    (23) boolean -> expression . GREATEROREQUAL factor
    (24) boolean -> expression . LESSOREQUAL factor
    (6) expression -> expression . PLUS factor
    (7) expression -> expression . MINUS factor
    (8) expression -> expression . TIMES factor
    (9) expression -> expression . DIVIDE factor
    (10) expression -> expression . DIV factor
    (11) expression -> expression . MOD factor
    (12) expression -> expression . POWER factor
    (14) expression -> expression . EOP expression

    EQUAL           shift and go to state 22
    NOTEQUAL        shift and go to state 23
    GREATER         shift and go to state 24
    LESS            shift and go to state 25
    GREATEROREQUAL  shift and go to state 26
    LESSOREQUAL     shift and go to state 27
    PLUS            shift and go to state 14
    MINUS           shift and go to state 15
    TIMES           shift and go to state 16
    DIVIDE          shift and go to state 17
    DIV             shift and go to state 18
    MOD             shift and go to state 19
    POWER           shift and go to state 20
    EOP             shift and go to state 21


state 42

    (6) expression -> expression PLUS factor .

    SEMICOLON       reduce using rule 6 (expression -> expression PLUS factor .)
    PLUS            reduce using rule 6 (expression -> expression PLUS factor .)
    MINUS           reduce using rule 6 (expression -> expression PLUS factor .)
    TIMES           reduce using rule 6 (expression -> expression PLUS factor .)
    DIVIDE          reduce using rule 6 (expression -> expression PLUS factor .)
    DIV             reduce using rule 6 (expression -> expression PLUS factor .)
    MOD             reduce using rule 6 (expression -> expression PLUS factor .)
    POWER           reduce using rule 6 (expression -> expression PLUS factor .)
    EOP             reduce using rule 6 (expression -> expression PLUS factor .)
    EQUAL           reduce using rule 6 (expression -> expression PLUS factor .)
    NOTEQUAL        reduce using rule 6 (expression -> expression PLUS factor .)
    GREATER         reduce using rule 6 (expression -> expression PLUS factor .)
    LESS            reduce using rule 6 (expression -> expression PLUS factor .)
    GREATEROREQUAL  reduce using rule 6 (expression -> expression PLUS factor .)
    LESSOREQUAL     reduce using rule 6 (expression -> expression PLUS factor .)
    RPAREN          reduce using rule 6 (expression -> expression PLUS factor .)
    RBRACE          reduce using rule 6 (expression -> expression PLUS factor .)
    COMMA           reduce using rule 6 (expression -> expression PLUS factor .)
    LPAREN          reduce using rule 6 (expression -> expression PLUS factor .)
    STRING          reduce using rule 6 (expression -> expression PLUS factor .)
    LBRACE          reduce using rule 6 (expression -> expression PLUS factor .)
    NUMBER          reduce using rule 6 (expression -> expression PLUS factor .)
    AND             reduce using rule 6 (expression -> expression PLUS factor .)
    OR              reduce using rule 6 (expression -> expression PLUS factor .)


state 43

    (7) expression -> expression MINUS factor .

    SEMICOLON       reduce using rule 7 (expression -> expression MINUS factor .)
    PLUS            reduce using rule 7 (expression -> expression MINUS factor .)
    MINUS           reduce using rule 7 (expression -> expression MINUS factor .)
    TIMES           reduce using rule 7 (expression -> expression MINUS factor .)
    DIVIDE          reduce using rule 7 (expression -> expression MINUS factor .)
    DIV             reduce using rule 7 (expression -> expression MINUS factor .)
    MOD             reduce using rule 7 (expression -> expression MINUS factor .)
    POWER           reduce using rule 7 (expression -> expression MINUS factor .)
    EOP             reduce using rule 7 (expression -> expression MINUS factor .)
    EQUAL           reduce using rule 7 (expression -> expression MINUS factor .)
    NOTEQUAL        reduce using rule 7 (expression -> expression MINUS factor .)
    GREATER         reduce using rule 7 (expression -> expression MINUS factor .)
    LESS            reduce using rule 7 (expression -> expression MINUS factor .)
    GREATEROREQUAL  reduce using rule 7 (expression -> expression MINUS factor .)
    LESSOREQUAL     reduce using rule 7 (expression -> expression MINUS factor .)
    RPAREN          reduce using rule 7 (expression -> expression MINUS factor .)
    RBRACE          reduce using rule 7 (expression -> expression MINUS factor .)
    COMMA           reduce using rule 7 (expression -> expression MINUS factor .)
    LPAREN          reduce using rule 7 (expression -> expression MINUS factor .)
    STRING          reduce using rule 7 (expression -> expression MINUS factor .)
    LBRACE          reduce using rule 7 (expression -> expression MINUS factor .)
    NUMBER          reduce using rule 7 (expression -> expression MINUS factor .)
    AND             reduce using rule 7 (expression -> expression MINUS factor .)
    OR              reduce using rule 7 (expression -> expression MINUS factor .)


state 44

    (8) expression -> expression TIMES factor .

    SEMICOLON       reduce using rule 8 (expression -> expression TIMES factor .)
    PLUS            reduce using rule 8 (expression -> expression TIMES factor .)
    MINUS           reduce using rule 8 (expression -> expression TIMES factor .)
    TIMES           reduce using rule 8 (expression -> expression TIMES factor .)
    DIVIDE          reduce using rule 8 (expression -> expression TIMES factor .)
    DIV             reduce using rule 8 (expression -> expression TIMES factor .)
    MOD             reduce using rule 8 (expression -> expression TIMES factor .)
    POWER           reduce using rule 8 (expression -> expression TIMES factor .)
    EOP             reduce using rule 8 (expression -> expression TIMES factor .)
    EQUAL           reduce using rule 8 (expression -> expression TIMES factor .)
    NOTEQUAL        reduce using rule 8 (expression -> expression TIMES factor .)
    GREATER         reduce using rule 8 (expression -> expression TIMES factor .)
    LESS            reduce using rule 8 (expression -> expression TIMES factor .)
    GREATEROREQUAL  reduce using rule 8 (expression -> expression TIMES factor .)
    LESSOREQUAL     reduce using rule 8 (expression -> expression TIMES factor .)
    RPAREN          reduce using rule 8 (expression -> expression TIMES factor .)
    RBRACE          reduce using rule 8 (expression -> expression TIMES factor .)
    COMMA           reduce using rule 8 (expression -> expression TIMES factor .)
    LPAREN          reduce using rule 8 (expression -> expression TIMES factor .)
    STRING          reduce using rule 8 (expression -> expression TIMES factor .)
    LBRACE          reduce using rule 8 (expression -> expression TIMES factor .)
    NUMBER          reduce using rule 8 (expression -> expression TIMES factor .)
    AND             reduce using rule 8 (expression -> expression TIMES factor .)
    OR              reduce using rule 8 (expression -> expression TIMES factor .)


state 45

    (9) expression -> expression DIVIDE factor .

    SEMICOLON       reduce using rule 9 (expression -> expression DIVIDE factor .)
    PLUS            reduce using rule 9 (expression -> expression DIVIDE factor .)
    MINUS           reduce using rule 9 (expression -> expression DIVIDE factor .)
    TIMES           reduce using rule 9 (expression -> expression DIVIDE factor .)
    DIVIDE          reduce using rule 9 (expression -> expression DIVIDE factor .)
    DIV             reduce using rule 9 (expression -> expression DIVIDE factor .)
    MOD             reduce using rule 9 (expression -> expression DIVIDE factor .)
    POWER           reduce using rule 9 (expression -> expression DIVIDE factor .)
    EOP             reduce using rule 9 (expression -> expression DIVIDE factor .)
    EQUAL           reduce using rule 9 (expression -> expression DIVIDE factor .)
    NOTEQUAL        reduce using rule 9 (expression -> expression DIVIDE factor .)
    GREATER         reduce using rule 9 (expression -> expression DIVIDE factor .)
    LESS            reduce using rule 9 (expression -> expression DIVIDE factor .)
    GREATEROREQUAL  reduce using rule 9 (expression -> expression DIVIDE factor .)
    LESSOREQUAL     reduce using rule 9 (expression -> expression DIVIDE factor .)
    RPAREN          reduce using rule 9 (expression -> expression DIVIDE factor .)
    RBRACE          reduce using rule 9 (expression -> expression DIVIDE factor .)
    COMMA           reduce using rule 9 (expression -> expression DIVIDE factor .)
    LPAREN          reduce using rule 9 (expression -> expression DIVIDE factor .)
    STRING          reduce using rule 9 (expression -> expression DIVIDE factor .)
    LBRACE          reduce using rule 9 (expression -> expression DIVIDE factor .)
    NUMBER          reduce using rule 9 (expression -> expression DIVIDE factor .)
    AND             reduce using rule 9 (expression -> expression DIVIDE factor .)
    OR              reduce using rule 9 (expression -> expression DIVIDE factor .)


state 46

    (10) expression -> expression DIV factor .

    SEMICOLON       reduce using rule 10 (expression -> expression DIV factor .)
    PLUS            reduce using rule 10 (expression -> expression DIV factor .)
    MINUS           reduce using rule 10 (expression -> expression DIV factor .)
    TIMES           reduce using rule 10 (expression -> expression DIV factor .)
    DIVIDE          reduce using rule 10 (expression -> expression DIV factor .)
    DIV             reduce using rule 10 (expression -> expression DIV factor .)
    MOD             reduce using rule 10 (expression -> expression DIV factor .)
    POWER           reduce using rule 10 (expression -> expression DIV factor .)
    EOP             reduce using rule 10 (expression -> expression DIV factor .)
    EQUAL           reduce using rule 10 (expression -> expression DIV factor .)
    NOTEQUAL        reduce using rule 10 (expression -> expression DIV factor .)
    GREATER         reduce using rule 10 (expression -> expression DIV factor .)
    LESS            reduce using rule 10 (expression -> expression DIV factor .)
    GREATEROREQUAL  reduce using rule 10 (expression -> expression DIV factor .)
    LESSOREQUAL     reduce using rule 10 (expression -> expression DIV factor .)
    RPAREN          reduce using rule 10 (expression -> expression DIV factor .)
    RBRACE          reduce using rule 10 (expression -> expression DIV factor .)
    COMMA           reduce using rule 10 (expression -> expression DIV factor .)
    LPAREN          reduce using rule 10 (expression -> expression DIV factor .)
    STRING          reduce using rule 10 (expression -> expression DIV factor .)
    LBRACE          reduce using rule 10 (expression -> expression DIV factor .)
    NUMBER          reduce using rule 10 (expression -> expression DIV factor .)
    AND             reduce using rule 10 (expression -> expression DIV factor .)
    OR              reduce using rule 10 (expression -> expression DIV factor .)


state 47

    (11) expression -> expression MOD factor .

    SEMICOLON       reduce using rule 11 (expression -> expression MOD factor .)
    PLUS            reduce using rule 11 (expression -> expression MOD factor .)
    MINUS           reduce using rule 11 (expression -> expression MOD factor .)
    TIMES           reduce using rule 11 (expression -> expression MOD factor .)
    DIVIDE          reduce using rule 11 (expression -> expression MOD factor .)
    DIV             reduce using rule 11 (expression -> expression MOD factor .)
    MOD             reduce using rule 11 (expression -> expression MOD factor .)
    POWER           reduce using rule 11 (expression -> expression MOD factor .)
    EOP             reduce using rule 11 (expression -> expression MOD factor .)
    EQUAL           reduce using rule 11 (expression -> expression MOD factor .)
    NOTEQUAL        reduce using rule 11 (expression -> expression MOD factor .)
    GREATER         reduce using rule 11 (expression -> expression MOD factor .)
    LESS            reduce using rule 11 (expression -> expression MOD factor .)
    GREATEROREQUAL  reduce using rule 11 (expression -> expression MOD factor .)
    LESSOREQUAL     reduce using rule 11 (expression -> expression MOD factor .)
    RPAREN          reduce using rule 11 (expression -> expression MOD factor .)
    RBRACE          reduce using rule 11 (expression -> expression MOD factor .)
    COMMA           reduce using rule 11 (expression -> expression MOD factor .)
    LPAREN          reduce using rule 11 (expression -> expression MOD factor .)
    STRING          reduce using rule 11 (expression -> expression MOD factor .)
    LBRACE          reduce using rule 11 (expression -> expression MOD factor .)
    NUMBER          reduce using rule 11 (expression -> expression MOD factor .)
    AND             reduce using rule 11 (expression -> expression MOD factor .)
    OR              reduce using rule 11 (expression -> expression MOD factor .)


state 48

    (12) expression -> expression POWER factor .

    SEMICOLON       reduce using rule 12 (expression -> expression POWER factor .)
    PLUS            reduce using rule 12 (expression -> expression POWER factor .)
    MINUS           reduce using rule 12 (expression -> expression POWER factor .)
    TIMES           reduce using rule 12 (expression -> expression POWER factor .)
    DIVIDE          reduce using rule 12 (expression -> expression POWER factor .)
    DIV             reduce using rule 12 (expression -> expression POWER factor .)
    MOD             reduce using rule 12 (expression -> expression POWER factor .)
    POWER           reduce using rule 12 (expression -> expression POWER factor .)
    EOP             reduce using rule 12 (expression -> expression POWER factor .)
    EQUAL           reduce using rule 12 (expression -> expression POWER factor .)
    NOTEQUAL        reduce using rule 12 (expression -> expression POWER factor .)
    GREATER         reduce using rule 12 (expression -> expression POWER factor .)
    LESS            reduce using rule 12 (expression -> expression POWER factor .)
    GREATEROREQUAL  reduce using rule 12 (expression -> expression POWER factor .)
    LESSOREQUAL     reduce using rule 12 (expression -> expression POWER factor .)
    RPAREN          reduce using rule 12 (expression -> expression POWER factor .)
    RBRACE          reduce using rule 12 (expression -> expression POWER factor .)
    COMMA           reduce using rule 12 (expression -> expression POWER factor .)
    LPAREN          reduce using rule 12 (expression -> expression POWER factor .)
    STRING          reduce using rule 12 (expression -> expression POWER factor .)
    LBRACE          reduce using rule 12 (expression -> expression POWER factor .)
    NUMBER          reduce using rule 12 (expression -> expression POWER factor .)
    AND             reduce using rule 12 (expression -> expression POWER factor .)
    OR              reduce using rule 12 (expression -> expression POWER factor .)


state 49

    (14) expression -> expression EOP expression .
    (6) expression -> expression . PLUS factor
    (7) expression -> expression . MINUS factor
    (8) expression -> expression . TIMES factor
    (9) expression -> expression . DIVIDE factor
    (10) expression -> expression . DIV factor
    (11) expression -> expression . MOD factor
    (12) expression -> expression . POWER factor
    (14) expression -> expression . EOP expression

    SEMICOLON       reduce using rule 14 (expression -> expression EOP expression .)
    PLUS            reduce using rule 14 (expression -> expression EOP expression .)
    MINUS           reduce using rule 14 (expression -> expression EOP expression .)
    TIMES           reduce using rule 14 (expression -> expression EOP expression .)
    DIVIDE          reduce using rule 14 (expression -> expression EOP expression .)
    DIV             reduce using rule 14 (expression -> expression EOP expression .)
    MOD             reduce using rule 14 (expression -> expression EOP expression .)
    POWER           reduce using rule 14 (expression -> expression EOP expression .)
    EOP             reduce using rule 14 (expression -> expression EOP expression .)
    EQUAL           reduce using rule 14 (expression -> expression EOP expression .)
    NOTEQUAL        reduce using rule 14 (expression -> expression EOP expression .)
    GREATER         reduce using rule 14 (expression -> expression EOP expression .)
    LESS            reduce using rule 14 (expression -> expression EOP expression .)
    GREATEROREQUAL  reduce using rule 14 (expression -> expression EOP expression .)
    LESSOREQUAL     reduce using rule 14 (expression -> expression EOP expression .)
    RPAREN          reduce using rule 14 (expression -> expression EOP expression .)
    RBRACE          reduce using rule 14 (expression -> expression EOP expression .)
    COMMA           reduce using rule 14 (expression -> expression EOP expression .)
    LPAREN          reduce using rule 14 (expression -> expression EOP expression .)
    STRING          reduce using rule 14 (expression -> expression EOP expression .)
    LBRACE          reduce using rule 14 (expression -> expression EOP expression .)
    NUMBER          reduce using rule 14 (expression -> expression EOP expression .)
    AND             reduce using rule 14 (expression -> expression EOP expression .)
    OR              reduce using rule 14 (expression -> expression EOP expression .)

  ! PLUS            [ shift and go to state 14 ]
  ! MINUS           [ shift and go to state 15 ]
  ! TIMES           [ shift and go to state 16 ]
  ! DIVIDE          [ shift and go to state 17 ]
  ! DIV             [ shift and go to state 18 ]
  ! MOD             [ shift and go to state 19 ]
  ! POWER           [ shift and go to state 20 ]
  ! EOP             [ shift and go to state 21 ]


state 50

    (17) boolean -> expression EQUAL expression .
    (6) expression -> expression . PLUS factor
    (7) expression -> expression . MINUS factor
    (8) expression -> expression . TIMES factor
    (9) expression -> expression . DIVIDE factor
    (10) expression -> expression . DIV factor
    (11) expression -> expression . MOD factor
    (12) expression -> expression . POWER factor
    (14) expression -> expression . EOP expression

    SEMICOLON       reduce using rule 17 (boolean -> expression EQUAL expression .)
    EQUAL           reduce using rule 17 (boolean -> expression EQUAL expression .)
    NOTEQUAL        reduce using rule 17 (boolean -> expression EQUAL expression .)
    AND             reduce using rule 17 (boolean -> expression EQUAL expression .)
    OR              reduce using rule 17 (boolean -> expression EQUAL expression .)
    PLUS            shift and go to state 14
    MINUS           shift and go to state 15
    TIMES           shift and go to state 16
    DIVIDE          shift and go to state 17
    DIV             shift and go to state 18
    MOD             shift and go to state 19
    POWER           shift and go to state 20
    EOP             shift and go to state 21


state 51

    (18) boolean -> expression NOTEQUAL expression .
    (6) expression -> expression . PLUS factor
    (7) expression -> expression . MINUS factor
    (8) expression -> expression . TIMES factor
    (9) expression -> expression . DIVIDE factor
    (10) expression -> expression . DIV factor
    (11) expression -> expression . MOD factor
    (12) expression -> expression . POWER factor
    (14) expression -> expression . EOP expression

    SEMICOLON       reduce using rule 18 (boolean -> expression NOTEQUAL expression .)
    EQUAL           reduce using rule 18 (boolean -> expression NOTEQUAL expression .)
    NOTEQUAL        reduce using rule 18 (boolean -> expression NOTEQUAL expression .)
    AND             reduce using rule 18 (boolean -> expression NOTEQUAL expression .)
    OR              reduce using rule 18 (boolean -> expression NOTEQUAL expression .)
    PLUS            shift and go to state 14
    MINUS           shift and go to state 15
    TIMES           shift and go to state 16
    DIVIDE          shift and go to state 17
    DIV             shift and go to state 18
    MOD             shift and go to state 19
    POWER           shift and go to state 20
    EOP             shift and go to state 21


state 52

    (21) boolean -> expression GREATER factor .

    SEMICOLON       reduce using rule 21 (boolean -> expression GREATER factor .)
    EQUAL           reduce using rule 21 (boolean -> expression GREATER factor .)
    NOTEQUAL        reduce using rule 21 (boolean -> expression GREATER factor .)
    AND             reduce using rule 21 (boolean -> expression GREATER factor .)
    OR              reduce using rule 21 (boolean -> expression GREATER factor .)


state 53

    (22) boolean -> expression LESS factor .

    SEMICOLON       reduce using rule 22 (boolean -> expression LESS factor .)
    EQUAL           reduce using rule 22 (boolean -> expression LESS factor .)
    NOTEQUAL        reduce using rule 22 (boolean -> expression LESS factor .)
    AND             reduce using rule 22 (boolean -> expression LESS factor .)
    OR              reduce using rule 22 (boolean -> expression LESS factor .)


state 54

    (23) boolean -> expression GREATEROREQUAL factor .

    SEMICOLON       reduce using rule 23 (boolean -> expression GREATEROREQUAL factor .)
    EQUAL           reduce using rule 23 (boolean -> expression GREATEROREQUAL factor .)
    NOTEQUAL        reduce using rule 23 (boolean -> expression GREATEROREQUAL factor .)
    AND             reduce using rule 23 (boolean -> expression GREATEROREQUAL factor .)
    OR              reduce using rule 23 (boolean -> expression GREATEROREQUAL factor .)


state 55

    (24) boolean -> expression LESSOREQUAL factor .

    SEMICOLON       reduce using rule 24 (boolean -> expression LESSOREQUAL factor .)
    EQUAL           reduce using rule 24 (boolean -> expression LESSOREQUAL factor .)
    NOTEQUAL        reduce using rule 24 (boolean -> expression LESSOREQUAL factor .)
    AND             reduce using rule 24 (boolean -> expression LESSOREQUAL factor .)
    OR              reduce using rule 24 (boolean -> expression LESSOREQUAL factor .)


state 56

    (19) boolean -> boolean EQUAL boolean .
    (19) boolean -> boolean . EQUAL boolean
    (20) boolean -> boolean . NOTEQUAL boolean
    (25) boolean -> boolean . AND boolean
    (26) boolean -> boolean . OR boolean

    SEMICOLON       reduce using rule 19 (boolean -> boolean EQUAL boolean .)
    EQUAL           reduce using rule 19 (boolean -> boolean EQUAL boolean .)
    NOTEQUAL        reduce using rule 19 (boolean -> boolean EQUAL boolean .)
    AND             shift and go to state 31
    OR              shift and go to state 32

  ! AND             [ reduce using rule 19 (boolean -> boolean EQUAL boolean .) ]
  ! OR              [ reduce using rule 19 (boolean -> boolean EQUAL boolean .) ]
  ! EQUAL           [ shift and go to state 29 ]
  ! NOTEQUAL        [ shift and go to state 30 ]


state 57

    (20) boolean -> boolean NOTEQUAL boolean .
    (19) boolean -> boolean . EQUAL boolean
    (20) boolean -> boolean . NOTEQUAL boolean
    (25) boolean -> boolean . AND boolean
    (26) boolean -> boolean . OR boolean

    SEMICOLON       reduce using rule 20 (boolean -> boolean NOTEQUAL boolean .)
    EQUAL           reduce using rule 20 (boolean -> boolean NOTEQUAL boolean .)
    NOTEQUAL        reduce using rule 20 (boolean -> boolean NOTEQUAL boolean .)
    AND             shift and go to state 31
    OR              shift and go to state 32

  ! AND             [ reduce using rule 20 (boolean -> boolean NOTEQUAL boolean .) ]
  ! OR              [ reduce using rule 20 (boolean -> boolean NOTEQUAL boolean .) ]
  ! EQUAL           [ shift and go to state 29 ]
  ! NOTEQUAL        [ shift and go to state 30 ]


state 58

    (25) boolean -> boolean AND boolean .
    (19) boolean -> boolean . EQUAL boolean
    (20) boolean -> boolean . NOTEQUAL boolean
    (25) boolean -> boolean . AND boolean
    (26) boolean -> boolean . OR boolean

    SEMICOLON       reduce using rule 25 (boolean -> boolean AND boolean .)
    EQUAL           reduce using rule 25 (boolean -> boolean AND boolean .)
    NOTEQUAL        reduce using rule 25 (boolean -> boolean AND boolean .)
    AND             reduce using rule 25 (boolean -> boolean AND boolean .)
    OR              reduce using rule 25 (boolean -> boolean AND boolean .)

  ! EQUAL           [ shift and go to state 29 ]
  ! NOTEQUAL        [ shift and go to state 30 ]
  ! AND             [ shift and go to state 31 ]
  ! OR              [ shift and go to state 32 ]


state 59

    (26) boolean -> boolean OR boolean .
    (19) boolean -> boolean . EQUAL boolean
    (20) boolean -> boolean . NOTEQUAL boolean
    (25) boolean -> boolean . AND boolean
    (26) boolean -> boolean . OR boolean

    SEMICOLON       reduce using rule 26 (boolean -> boolean OR boolean .)
    EQUAL           reduce using rule 26 (boolean -> boolean OR boolean .)
    NOTEQUAL        reduce using rule 26 (boolean -> boolean OR boolean .)
    OR              reduce using rule 26 (boolean -> boolean OR boolean .)
    AND             shift and go to state 31

  ! AND             [ reduce using rule 26 (boolean -> boolean OR boolean .) ]
  ! EQUAL           [ shift and go to state 29 ]
  ! NOTEQUAL        [ shift and go to state 30 ]
  ! OR              [ shift and go to state 32 ]


state 60

    (5) expression -> STRING PLUS STRING .

    SEMICOLON       reduce using rule 5 (expression -> STRING PLUS STRING .)
    PLUS            reduce using rule 5 (expression -> STRING PLUS STRING .)
    MINUS           reduce using rule 5 (expression -> STRING PLUS STRING .)
    TIMES           reduce using rule 5 (expression -> STRING PLUS STRING .)
    DIVIDE          reduce using rule 5 (expression -> STRING PLUS STRING .)
    DIV             reduce using rule 5 (expression -> STRING PLUS STRING .)
    MOD             reduce using rule 5 (expression -> STRING PLUS STRING .)
    POWER           reduce using rule 5 (expression -> STRING PLUS STRING .)
    EOP             reduce using rule 5 (expression -> STRING PLUS STRING .)
    EQUAL           reduce using rule 5 (expression -> STRING PLUS STRING .)
    NOTEQUAL        reduce using rule 5 (expression -> STRING PLUS STRING .)
    GREATER         reduce using rule 5 (expression -> STRING PLUS STRING .)
    LESS            reduce using rule 5 (expression -> STRING PLUS STRING .)
    GREATEROREQUAL  reduce using rule 5 (expression -> STRING PLUS STRING .)
    LESSOREQUAL     reduce using rule 5 (expression -> STRING PLUS STRING .)
    RPAREN          reduce using rule 5 (expression -> STRING PLUS STRING .)
    RBRACE          reduce using rule 5 (expression -> STRING PLUS STRING .)
    COMMA           reduce using rule 5 (expression -> STRING PLUS STRING .)
    LPAREN          reduce using rule 5 (expression -> STRING PLUS STRING .)
    STRING          reduce using rule 5 (expression -> STRING PLUS STRING .)
    LBRACE          reduce using rule 5 (expression -> STRING PLUS STRING .)
    NUMBER          reduce using rule 5 (expression -> STRING PLUS STRING .)
    AND             reduce using rule 5 (expression -> STRING PLUS STRING .)
    OR              reduce using rule 5 (expression -> STRING PLUS STRING .)


state 61

    (4) expression -> LPAREN expression RPAREN .

    SEMICOLON       reduce using rule 4 (expression -> LPAREN expression RPAREN .)
    PLUS            reduce using rule 4 (expression -> LPAREN expression RPAREN .)
    MINUS           reduce using rule 4 (expression -> LPAREN expression RPAREN .)
    TIMES           reduce using rule 4 (expression -> LPAREN expression RPAREN .)
    DIVIDE          reduce using rule 4 (expression -> LPAREN expression RPAREN .)
    DIV             reduce using rule 4 (expression -> LPAREN expression RPAREN .)
    MOD             reduce using rule 4 (expression -> LPAREN expression RPAREN .)
    POWER           reduce using rule 4 (expression -> LPAREN expression RPAREN .)
    EOP             reduce using rule 4 (expression -> LPAREN expression RPAREN .)
    EQUAL           reduce using rule 4 (expression -> LPAREN expression RPAREN .)
    NOTEQUAL        reduce using rule 4 (expression -> LPAREN expression RPAREN .)
    GREATER         reduce using rule 4 (expression -> LPAREN expression RPAREN .)
    LESS            reduce using rule 4 (expression -> LPAREN expression RPAREN .)
    GREATEROREQUAL  reduce using rule 4 (expression -> LPAREN expression RPAREN .)
    LESSOREQUAL     reduce using rule 4 (expression -> LPAREN expression RPAREN .)
    RPAREN          reduce using rule 4 (expression -> LPAREN expression RPAREN .)
    RBRACE          reduce using rule 4 (expression -> LPAREN expression RPAREN .)
    COMMA           reduce using rule 4 (expression -> LPAREN expression RPAREN .)
    LPAREN          reduce using rule 4 (expression -> LPAREN expression RPAREN .)
    STRING          reduce using rule 4 (expression -> LPAREN expression RPAREN .)
    LBRACE          reduce using rule 4 (expression -> LPAREN expression RPAREN .)
    NUMBER          reduce using rule 4 (expression -> LPAREN expression RPAREN .)
    AND             reduce using rule 4 (expression -> LPAREN expression RPAREN .)
    OR              reduce using rule 4 (expression -> LPAREN expression RPAREN .)


state 62

    (33) expression -> LBRACE list_element RBRACE .

    SEMICOLON       reduce using rule 33 (expression -> LBRACE list_element RBRACE .)
    PLUS            reduce using rule 33 (expression -> LBRACE list_element RBRACE .)
    MINUS           reduce using rule 33 (expression -> LBRACE list_element RBRACE .)
    TIMES           reduce using rule 33 (expression -> LBRACE list_element RBRACE .)
    DIVIDE          reduce using rule 33 (expression -> LBRACE list_element RBRACE .)
    DIV             reduce using rule 33 (expression -> LBRACE list_element RBRACE .)
    MOD             reduce using rule 33 (expression -> LBRACE list_element RBRACE .)
    POWER           reduce using rule 33 (expression -> LBRACE list_element RBRACE .)
    EOP             reduce using rule 33 (expression -> LBRACE list_element RBRACE .)
    EQUAL           reduce using rule 33 (expression -> LBRACE list_element RBRACE .)
    NOTEQUAL        reduce using rule 33 (expression -> LBRACE list_element RBRACE .)
    GREATER         reduce using rule 33 (expression -> LBRACE list_element RBRACE .)
    LESS            reduce using rule 33 (expression -> LBRACE list_element RBRACE .)
    GREATEROREQUAL  reduce using rule 33 (expression -> LBRACE list_element RBRACE .)
    LESSOREQUAL     reduce using rule 33 (expression -> LBRACE list_element RBRACE .)
    RPAREN          reduce using rule 33 (expression -> LBRACE list_element RBRACE .)
    RBRACE          reduce using rule 33 (expression -> LBRACE list_element RBRACE .)
    COMMA           reduce using rule 33 (expression -> LBRACE list_element RBRACE .)
    LPAREN          reduce using rule 33 (expression -> LBRACE list_element RBRACE .)
    STRING          reduce using rule 33 (expression -> LBRACE list_element RBRACE .)
    LBRACE          reduce using rule 33 (expression -> LBRACE list_element RBRACE .)
    NUMBER          reduce using rule 33 (expression -> LBRACE list_element RBRACE .)
    AND             reduce using rule 33 (expression -> LBRACE list_element RBRACE .)
    OR              reduce using rule 33 (expression -> LBRACE list_element RBRACE .)


state 63

    (31) list_element -> list_element expression .
    (6) expression -> expression . PLUS factor
    (7) expression -> expression . MINUS factor
    (8) expression -> expression . TIMES factor
    (9) expression -> expression . DIVIDE factor
    (10) expression -> expression . DIV factor
    (11) expression -> expression . MOD factor
    (12) expression -> expression . POWER factor
    (14) expression -> expression . EOP expression

  ! shift/reduce conflict for MINUS resolved as shift
    RBRACE          reduce using rule 31 (list_element -> list_element expression .)
    COMMA           reduce using rule 31 (list_element -> list_element expression .)
    LPAREN          reduce using rule 31 (list_element -> list_element expression .)
    STRING          reduce using rule 31 (list_element -> list_element expression .)
    LBRACE          reduce using rule 31 (list_element -> list_element expression .)
    NUMBER          reduce using rule 31 (list_element -> list_element expression .)
    PLUS            shift and go to state 14
    MINUS           shift and go to state 15
    TIMES           shift and go to state 16
    DIVIDE          shift and go to state 17
    DIV             shift and go to state 18
    MOD             shift and go to state 19
    POWER           shift and go to state 20
    EOP             shift and go to state 21

  ! MINUS           [ reduce using rule 31 (list_element -> list_element expression .) ]


state 64

    (32) list_element -> list_element COMMA .

    RBRACE          reduce using rule 32 (list_element -> list_element COMMA .)
    COMMA           reduce using rule 32 (list_element -> list_element COMMA .)
    LPAREN          reduce using rule 32 (list_element -> list_element COMMA .)
    STRING          reduce using rule 32 (list_element -> list_element COMMA .)
    MINUS           reduce using rule 32 (list_element -> list_element COMMA .)
    LBRACE          reduce using rule 32 (list_element -> list_element COMMA .)
    NUMBER          reduce using rule 32 (list_element -> list_element COMMA .)

WARNING: 
WARNING: Conflicts:
WARNING: 
WARNING: shift/reduce conflict for MINUS in state 39 resolved as shift
WARNING: shift/reduce conflict for MINUS in state 63 resolved as shift
